{"uuid":"9b0028ee-e581-44bc-9fd7-43665c7639a1","historyId":"1f607734958f8dba2f5ef31d75b9d0c5","fullName":"Validation of POST request: Verify Batch Module POST request with valid URL and Blank data fields (only mendatory fields empty)","labels":[{"name":"tag","value":"Test004-Negative-OnlyMendatoryParametersBlank"},{"name":"host","value":"DESKTOP-7JOFLV1"},{"name":"thread","value":"65788@DESKTOP-7JOFLV1.main(1)"},{"name":"feature","value":"Validation of POST request"},{"name":"story","value":"Verify Batch Module POST request with valid URL and Blank data fields (only mendatory fields empty)"},{"name":"suite","value":"Validation of POST request"},{"name":"testClass","value":"Verify Batch Module POST request with valid URL and Blank data fields (only mendatory fields empty)"},{"name":"framework","value":"cucumber4jvm"},{"name":"language","value":"java"},{"name":"gherkin_uri","value":"file:///C:/Users/HP/git/API.Phase2.RestAssuredCucumber/./src/test/resources/Features/CreateModulePostRequest.feature"},{"name":"package","value":"src.test.resources.Features.CreateModulePostRequest_feature.Validation of POST request"}],"links":[],"name":"Verify Batch Module POST request with valid URL and Blank data fields (only mendatory fields empty)","status":"broken","statusDetails":{"known":false,"muted":false,"flaky":false,"message":"Could not invoke step [User gets Bad Request error message with status code {int} in response body with message Enter mandatory fields] defined at 'com.api.automation.stepDefinitions.SD_CreateModulesPostRequest.user_gets_bad_request_error_message_with_status_code_in_response_body_with_message_enter_mandatory_fields(java.lang.String)'.\nIt appears there was a problem with the step definition.\nThe converted arguments types were (java.lang.Integer)","trace":"io.cucumber.core.exception.CucumberException: Could not invoke step [User gets Bad Request error message with status code {int} in response body with message Enter mandatory fields] defined at 'com.api.automation.stepDefinitions.SD_CreateModulesPostRequest.user_gets_bad_request_error_message_with_status_code_in_response_body_with_message_enter_mandatory_fields(java.lang.String)'.\nIt appears there was a problem with the step definition.\nThe converted arguments types were (java.lang.Integer)\r\n\tat io.cucumber.core.runner.PickleStepDefinitionMatch.couldNotInvokeStep(PickleStepDefinitionMatch.java:130)\r\n\tat io.cucumber.core.runner.PickleStepDefinitionMatch.runStep(PickleStepDefinitionMatch.java:65)\r\n\tat io.cucumber.core.runner.ExecutionMode$1.execute(ExecutionMode.java:10)\r\n\tat io.cucumber.core.runner.TestStep.executeStep(TestStep.java:86)\r\n\tat io.cucumber.core.runner.TestStep.run(TestStep.java:57)\r\n\tat io.cucumber.core.runner.PickleStepTestStep.run(PickleStepTestStep.java:51)\r\n\tat io.cucumber.core.runner.TestCase.run(TestCase.java:95)\r\n\tat io.cucumber.core.runner.Runner.runPickle(Runner.java:75)\r\n\tat io.cucumber.junit.PickleRunners$NoStepDescriptions.lambda$run$0(PickleRunners.java:151)\r\n\tat io.cucumber.core.runtime.CucumberExecutionContext.lambda$runTestCase$3(CucumberExecutionContext.java:151)\r\n\tat io.cucumber.core.runtime.RethrowingThrowableCollector.executeAndThrow(RethrowingThrowableCollector.java:23)\r\n\tat io.cucumber.core.runtime.CucumberExecutionContext.runTestCase(CucumberExecutionContext.java:151)\r\n\tat io.cucumber.junit.PickleRunners$NoStepDescriptions.run(PickleRunners.java:148)\r\n\tat io.cucumber.junit.FeatureRunner.runChild(FeatureRunner.java:144)\r\n\tat io.cucumber.junit.FeatureRunner.runChild(FeatureRunner.java:28)\r\n\tat org.junit.runners.ParentRunner$4.run(ParentRunner.java:331)\r\n\tat org.junit.runners.ParentRunner$1.schedule(ParentRunner.java:79)\r\n\tat org.junit.runners.ParentRunner.runChildren(ParentRunner.java:329)\r\n\tat org.junit.runners.ParentRunner.access$100(ParentRunner.java:66)\r\n\tat org.junit.runners.ParentRunner$2.evaluate(ParentRunner.java:293)\r\n\tat org.junit.runners.ParentRunner$3.evaluate(ParentRunner.java:306)\r\n\tat org.junit.runners.ParentRunner.run(ParentRunner.java:413)\r\n\tat io.cucumber.junit.FeatureRunner.run(FeatureRunner.java:137)\r\n\tat io.cucumber.junit.Cucumber.runChild(Cucumber.java:196)\r\n\tat io.cucumber.junit.Cucumber.runChild(Cucumber.java:89)\r\n\tat org.junit.runners.ParentRunner$4.run(ParentRunner.java:331)\r\n\tat org.junit.runners.ParentRunner$1.schedule(ParentRunner.java:79)\r\n\tat org.junit.runners.ParentRunner.runChildren(ParentRunner.java:329)\r\n\tat org.junit.runners.ParentRunner.access$100(ParentRunner.java:66)\r\n\tat org.junit.runners.ParentRunner$2.evaluate(ParentRunner.java:293)\r\n\tat io.cucumber.junit.Cucumber$RunBeforeAllHooks.evaluate(Cucumber.java:266)\r\n\tat io.cucumber.junit.Cucumber$RunAfterAllHooks.evaluate(Cucumber.java:281)\r\n\tat io.cucumber.junit.Cucumber$StartTestRun.evaluate(Cucumber.java:233)\r\n\tat io.cucumber.junit.Cucumber$FinishTestRun.evaluate(Cucumber.java:248)\r\n\tat org.junit.runners.ParentRunner$3.evaluate(ParentRunner.java:306)\r\n\tat org.junit.runners.ParentRunner.run(ParentRunner.java:413)\r\n\tat org.eclipse.jdt.internal.junit4.runner.JUnit4TestReference.run(JUnit4TestReference.java:93)\r\n\tat org.eclipse.jdt.internal.junit.runner.TestExecution.run(TestExecution.java:40)\r\n\tat org.eclipse.jdt.internal.junit.runner.RemoteTestRunner.runTests(RemoteTestRunner.java:529)\r\n\tat org.eclipse.jdt.internal.junit.runner.RemoteTestRunner.runTests(RemoteTestRunner.java:756)\r\n\tat org.eclipse.jdt.internal.junit.runner.RemoteTestRunner.run(RemoteTestRunner.java:452)\r\n\tat org.eclipse.jdt.internal.junit.runner.RemoteTestRunner.main(RemoteTestRunner.java:210)\r\nCaused by: io.cucumber.core.backend.CucumberBackendException: Failed to invoke public void com.api.automation.stepDefinitions.SD_CreateModulesPostRequest.user_gets_bad_request_error_message_with_status_code_in_response_body_with_message_enter_mandatory_fields(java.lang.String)\r\n\tat io.cucumber.java.Invoker.doInvoke(Invoker.java:68)\r\n\tat io.cucumber.java.Invoker.invoke(Invoker.java:24)\r\n\tat io.cucumber.java.AbstractGlueDefinition.invokeMethod(AbstractGlueDefinition.java:47)\r\n\tat io.cucumber.java.JavaStepDefinition.execute(JavaStepDefinition.java:29)\r\n\tat io.cucumber.core.runner.CoreStepDefinition.execute(CoreStepDefinition.java:66)\r\n\tat io.cucumber.core.runner.PickleStepDefinitionMatch.runStep(PickleStepDefinitionMatch.java:63)\r\n\t... 40 more\r\nCaused by: java.lang.IllegalArgumentException: argument type mismatch\r\n\tat java.base/jdk.internal.reflect.NativeMethodAccessorImpl.invoke0(Native Method)\r\n\tat java.base/jdk.internal.reflect.NativeMethodAccessorImpl.invoke(NativeMethodAccessorImpl.java:77)\r\n\tat java.base/jdk.internal.reflect.DelegatingMethodAccessorImpl.invoke(DelegatingMethodAccessorImpl.java:43)\r\n\tat java.base/java.lang.reflect.Method.invoke(Method.java:568)\r\n\tat io.cucumber.java.Invoker.doInvoke(Invoker.java:66)\r\n\t... 45 more\r\n"},"stage":"finished","steps":[{"name":"Given  User sets Authorization to No Auth","status":"passed","statusDetails":{"known":false,"muted":false,"flaky":false},"stage":"finished","steps":[],"attachments":[],"parameters":[],"start":1690383664783,"stop":1690383664800},{"name":"Given  User sets request for Batch Module with valid base URL and Blank paramertes in request body","status":"passed","statusDetails":{"known":false,"muted":false,"flaky":false},"stage":"finished","steps":[],"attachments":[],"parameters":[],"start":1690383664802,"stop":1690383664814},{"name":"When  User sends POST request with Blank values in all mandatory the fields in request body","status":"passed","statusDetails":{"known":false,"muted":false,"flaky":false},"stage":"finished","steps":[],"attachments":[],"parameters":[],"start":1690383664820,"stop":1690383665165},{"name":"Then  User gets Bad Request error message with status code 400 in response body with message Enter mandatory fields","status":"broken","statusDetails":{"known":false,"muted":false,"flaky":false,"message":"Could not invoke step [User gets Bad Request error message with status code {int} in response body with message Enter mandatory fields] defined at 'com.api.automation.stepDefinitions.SD_CreateModulesPostRequest.user_gets_bad_request_error_message_with_status_code_in_response_body_with_message_enter_mandatory_fields(java.lang.String)'.\nIt appears there was a problem with the step definition.\nThe converted arguments types were (java.lang.Integer)","trace":"io.cucumber.core.exception.CucumberException: Could not invoke step [User gets Bad Request error message with status code {int} in response body with message Enter mandatory fields] defined at 'com.api.automation.stepDefinitions.SD_CreateModulesPostRequest.user_gets_bad_request_error_message_with_status_code_in_response_body_with_message_enter_mandatory_fields(java.lang.String)'.\nIt appears there was a problem with the step definition.\nThe converted arguments types were (java.lang.Integer)\r\n\tat io.cucumber.core.runner.PickleStepDefinitionMatch.couldNotInvokeStep(PickleStepDefinitionMatch.java:130)\r\n\tat io.cucumber.core.runner.PickleStepDefinitionMatch.runStep(PickleStepDefinitionMatch.java:65)\r\n\tat io.cucumber.core.runner.ExecutionMode$1.execute(ExecutionMode.java:10)\r\n\tat io.cucumber.core.runner.TestStep.executeStep(TestStep.java:86)\r\n\tat io.cucumber.core.runner.TestStep.run(TestStep.java:57)\r\n\tat io.cucumber.core.runner.PickleStepTestStep.run(PickleStepTestStep.java:51)\r\n\tat io.cucumber.core.runner.TestCase.run(TestCase.java:95)\r\n\tat io.cucumber.core.runner.Runner.runPickle(Runner.java:75)\r\n\tat io.cucumber.junit.PickleRunners$NoStepDescriptions.lambda$run$0(PickleRunners.java:151)\r\n\tat io.cucumber.core.runtime.CucumberExecutionContext.lambda$runTestCase$3(CucumberExecutionContext.java:151)\r\n\tat io.cucumber.core.runtime.RethrowingThrowableCollector.executeAndThrow(RethrowingThrowableCollector.java:23)\r\n\tat io.cucumber.core.runtime.CucumberExecutionContext.runTestCase(CucumberExecutionContext.java:151)\r\n\tat io.cucumber.junit.PickleRunners$NoStepDescriptions.run(PickleRunners.java:148)\r\n\tat io.cucumber.junit.FeatureRunner.runChild(FeatureRunner.java:144)\r\n\tat io.cucumber.junit.FeatureRunner.runChild(FeatureRunner.java:28)\r\n\tat org.junit.runners.ParentRunner$4.run(ParentRunner.java:331)\r\n\tat org.junit.runners.ParentRunner$1.schedule(ParentRunner.java:79)\r\n\tat org.junit.runners.ParentRunner.runChildren(ParentRunner.java:329)\r\n\tat org.junit.runners.ParentRunner.access$100(ParentRunner.java:66)\r\n\tat org.junit.runners.ParentRunner$2.evaluate(ParentRunner.java:293)\r\n\tat org.junit.runners.ParentRunner$3.evaluate(ParentRunner.java:306)\r\n\tat org.junit.runners.ParentRunner.run(ParentRunner.java:413)\r\n\tat io.cucumber.junit.FeatureRunner.run(FeatureRunner.java:137)\r\n\tat io.cucumber.junit.Cucumber.runChild(Cucumber.java:196)\r\n\tat io.cucumber.junit.Cucumber.runChild(Cucumber.java:89)\r\n\tat org.junit.runners.ParentRunner$4.run(ParentRunner.java:331)\r\n\tat org.junit.runners.ParentRunner$1.schedule(ParentRunner.java:79)\r\n\tat org.junit.runners.ParentRunner.runChildren(ParentRunner.java:329)\r\n\tat org.junit.runners.ParentRunner.access$100(ParentRunner.java:66)\r\n\tat org.junit.runners.ParentRunner$2.evaluate(ParentRunner.java:293)\r\n\tat io.cucumber.junit.Cucumber$RunBeforeAllHooks.evaluate(Cucumber.java:266)\r\n\tat io.cucumber.junit.Cucumber$RunAfterAllHooks.evaluate(Cucumber.java:281)\r\n\tat io.cucumber.junit.Cucumber$StartTestRun.evaluate(Cucumber.java:233)\r\n\tat io.cucumber.junit.Cucumber$FinishTestRun.evaluate(Cucumber.java:248)\r\n\tat org.junit.runners.ParentRunner$3.evaluate(ParentRunner.java:306)\r\n\tat org.junit.runners.ParentRunner.run(ParentRunner.java:413)\r\n\tat org.eclipse.jdt.internal.junit4.runner.JUnit4TestReference.run(JUnit4TestReference.java:93)\r\n\tat org.eclipse.jdt.internal.junit.runner.TestExecution.run(TestExecution.java:40)\r\n\tat org.eclipse.jdt.internal.junit.runner.RemoteTestRunner.runTests(RemoteTestRunner.java:529)\r\n\tat org.eclipse.jdt.internal.junit.runner.RemoteTestRunner.runTests(RemoteTestRunner.java:756)\r\n\tat org.eclipse.jdt.internal.junit.runner.RemoteTestRunner.run(RemoteTestRunner.java:452)\r\n\tat org.eclipse.jdt.internal.junit.runner.RemoteTestRunner.main(RemoteTestRunner.java:210)\r\nCaused by: io.cucumber.core.backend.CucumberBackendException: Failed to invoke public void com.api.automation.stepDefinitions.SD_CreateModulesPostRequest.user_gets_bad_request_error_message_with_status_code_in_response_body_with_message_enter_mandatory_fields(java.lang.String)\r\n\tat io.cucumber.java.Invoker.doInvoke(Invoker.java:68)\r\n\tat io.cucumber.java.Invoker.invoke(Invoker.java:24)\r\n\tat io.cucumber.java.AbstractGlueDefinition.invokeMethod(AbstractGlueDefinition.java:47)\r\n\tat io.cucumber.java.JavaStepDefinition.execute(JavaStepDefinition.java:29)\r\n\tat io.cucumber.core.runner.CoreStepDefinition.execute(CoreStepDefinition.java:66)\r\n\tat io.cucumber.core.runner.PickleStepDefinitionMatch.runStep(PickleStepDefinitionMatch.java:63)\r\n\t... 40 more\r\nCaused by: java.lang.IllegalArgumentException: argument type mismatch\r\n\tat java.base/jdk.internal.reflect.NativeMethodAccessorImpl.invoke0(Native Method)\r\n\tat java.base/jdk.internal.reflect.NativeMethodAccessorImpl.invoke(NativeMethodAccessorImpl.java:77)\r\n\tat java.base/jdk.internal.reflect.DelegatingMethodAccessorImpl.invoke(DelegatingMethodAccessorImpl.java:43)\r\n\tat java.base/java.lang.reflect.Method.invoke(Method.java:568)\r\n\tat io.cucumber.java.Invoker.doInvoke(Invoker.java:66)\r\n\t... 45 more\r\n"},"stage":"finished","steps":[],"attachments":[],"parameters":[],"start":1690383665165,"stop":1690383665168}],"attachments":[],"parameters":[],"start":1690383664780,"stop":1690383665172}